<?xml version="1.0" encoding="UTF-8"?>
<!-- Generated by org.testng.reporters.JUnitXMLReporter -->
<testsuite ignored="0" hostname="kunal" failures="0" tests="3" name="Default test" time="49.815" errors="0" timestamp="2021-02-08T15:55:51 IST">
  <testcase classname="com.shaadi.test.RegisterTest" name="verifyElements" time="5.412"/>
  <testcase classname="com.shaadi.test.RegisterTest" name="registerCredentials" time="7.161"/>
  <testcase classname="com.shaadi.test.RegisterTest" name="registerationPanel" time="10.137"/>
</testsuite> <!-- Default test -->
