<?xml version="1.0" encoding="UTF-8"?>
<testng-results ignored="0" total="3" passed="3" failed="0" skipped="0">
  <reporter-output>
  </reporter-output>
  <suite started-at="2021-02-08T15:55:01 IST" name="Default suite" finished-at="2021-02-08T15:55:50 IST" duration-ms="49815">
    <groups>
    </groups>
    <test started-at="2021-02-08T15:55:01 IST" name="Default test" finished-at="2021-02-08T15:55:50 IST" duration-ms="49815">
      <class name="com.shaadi.test.RegisterTest">
        <test-method is-config="true" signature="beforeClass()[pri:0, instance:com.shaadi.test.RegisterTest@223f3642]" started-at="2021-02-08T15:55:01 IST" name="beforeClass" finished-at="2021-02-08T15:55:20 IST" duration-ms="19568" status="PASS">
          <reporter-output>
          </reporter-output>
        </test-method> <!-- beforeClass -->
        <test-method signature="verifyElements()[pri:1, instance:com.shaadi.test.RegisterTest@223f3642]" started-at="2021-02-08T15:55:20 IST" name="verifyElements" finished-at="2021-02-08T15:55:26 IST" duration-ms="5412" status="PASS">
          <reporter-output>
          </reporter-output>
        </test-method> <!-- verifyElements -->
        <test-method signature="registerCredentials()[pri:2, instance:com.shaadi.test.RegisterTest@223f3642]" started-at="2021-02-08T15:55:26 IST" name="registerCredentials" finished-at="2021-02-08T15:55:33 IST" duration-ms="7161" status="PASS">
          <reporter-output>
          </reporter-output>
        </test-method> <!-- registerCredentials -->
        <test-method signature="registerationPanel()[pri:3, instance:com.shaadi.test.RegisterTest@223f3642]" started-at="2021-02-08T15:55:33 IST" name="registerationPanel" finished-at="2021-02-08T15:55:43 IST" duration-ms="10137" status="PASS">
          <reporter-output>
          </reporter-output>
        </test-method> <!-- registerationPanel -->
        <test-method is-config="true" signature="afterClass()[pri:0, instance:com.shaadi.test.RegisterTest@223f3642]" started-at="2021-02-08T15:55:43 IST" name="afterClass" finished-at="2021-02-08T15:55:50 IST" duration-ms="7410" status="PASS">
          <reporter-output>
          </reporter-output>
        </test-method> <!-- afterClass -->
      </class> <!-- com.shaadi.test.RegisterTest -->
    </test> <!-- Default test -->
  </suite> <!-- Default suite -->
</testng-results>
